<?xml version="1.0" encoding="UTF-8"?>
<testng-results ignored="0" total="1" passed="1" failed="0" skipped="0">
  <reporter-output>
  </reporter-output>
  <suite started-at="2022-02-07T04:15:49 COT" name="RunCukesTest" finished-at="2022-02-07T04:16:12 COT" duration-ms="22207">
    <groups>
      <group name="cucumber">
        <method signature="AbstractTestNGCucumberTests.feature(cucumber.api.testng.CucumberFeatureWrapper)[pri:0, instance:RunCukesTest@44ebcd03]" name="feature" class="cucumber.api.testng.AbstractTestNGCucumberTests"/>
      </group> <!-- cucumber -->
    </groups>
    <test started-at="2022-02-07T04:15:49 COT" name="Command line test" finished-at="2022-02-07T04:16:12 COT" duration-ms="22207">
      <class name="RunCukesTest">
        <test-method is-config="true" signature="setUpClass()[pri:0, instance:RunCukesTest@44ebcd03]" started-at="2022-02-07T04:15:49 COT" name="setUpClass" finished-at="2022-02-07T04:15:50 COT" duration-ms="406" status="PASS">
          <reporter-output>
          </reporter-output>
        </test-method> <!-- setUpClass -->
        <test-method signature="feature(cucumber.api.testng.CucumberFeatureWrapper)[pri:0, instance:RunCukesTest@44ebcd03]" started-at="2022-02-07T04:15:50 COT" name="feature" description="Runs Cucumber Feature" data-provider="features" finished-at="2022-02-07T04:16:11 COT" duration-ms="21595" status="PASS">
          <params>
            <param index="0">
              <value>
                <![CDATA[Search]]>
              </value>
            </param>
          </params>
          <reporter-output>
          </reporter-output>
        </test-method> <!-- feature -->
        <test-method is-config="true" signature="tearDownClass()[pri:0, instance:RunCukesTest@44ebcd03]" started-at="2022-02-07T04:16:12 COT" name="tearDownClass" finished-at="2022-02-07T04:16:12 COT" duration-ms="6" status="PASS">
          <reporter-output>
          </reporter-output>
        </test-method> <!-- tearDownClass -->
      </class> <!-- RunCukesTest -->
    </test> <!-- Command line test -->
  </suite> <!-- RunCukesTest -->
</testng-results>
